<?xml version="1.0" encoding="UTF-8"?>
<!-- Generated by org.testng.reporters.JUnitReportReporter -->
<testsuite hostname="LAPTOP-NTBPMJL5" failures="0" tests="4" name="testCases.TC_VideoGameAPI" time="4.042" errors="0" timestamp="2024-07-25T19:25:45 PDT" skipped="0">
  <testcase classname="testCases.TC_VideoGameAPI" name="get_Method" time="1.942"/>
  <system-out/>
  <testcase classname="testCases.TC_VideoGameAPI" name="post_Method" time="1.049"/>
  <system-out/>
  <testcase classname="testCases.TC_VideoGameAPI" name="Put_Method" time="0.554"/>
  <system-out/>
  <testcase classname="testCases.TC_VideoGameAPI" name="delete_Method" time="0.497"/>
  <system-out/>
</testsuite> <!-- testCases.TC_VideoGameAPI -->
