<?xml version="1.0" encoding="UTF-8"?>
<!-- Generated by org.testng.reporters.JUnitReportReporter -->
<testsuite hostname="LAPTOP-NTBPMJL5" failures="0" tests="2" name="testCases.GetAndPostExamples" time="4.231" errors="0" timestamp="2024-08-06T13:35:20 PDT" skipped="0">
  <testcase classname="testCases.GetAndPostExamples" name="test_Post" time="0.527"/>
  <system-out/>
  <testcase classname="testCases.GetAndPostExamples" name="test_Get" time="3.704"/>
  <system-out/>
</testsuite> <!-- testCases.GetAndPostExamples -->
