<?xml version="1.0" encoding="UTF-8"?>
<!-- Generated by org.testng.reporters.JUnitReportReporter -->
<testsuite hostname="LAPTOP-NTBPMJL5" failures="0" tests="1" name="testCases.PutPatchAndDeleteExamples" time="4.354" errors="0" timestamp="2024-08-07T17:47:43 PDT" skipped="0">
  <testcase classname="testCases.PutPatchAndDeleteExamples" name="test_Put" time="4.354"/>
  <system-out/>
</testsuite> <!-- testCases.PutPatchAndDeleteExamples -->
