<?xml version="1.0" encoding="UTF-8"?>
<!-- Generated by org.testng.reporters.JUnitReportReporter -->
<testsuite hostname="LAPTOP-NTBPMJL5" failures="0" tests="1" name="testCases.Reqres_Samples" time="2.993" errors="0" timestamp="2024-08-06T13:45:02 PDT" skipped="0">
  <testcase classname="testCases.Reqres_Samples" name="post_Method" time="2.993"/>
  <system-out/>
</testsuite> <!-- testCases.Reqres_Samples -->
