<?xml version="1.0" encoding="UTF-8"?>
<!-- Generated by org.testng.reporters.JUnitReportReporter -->
<testsuite hostname="LAPTOP-NTBPMJL5" failures="0" tests="1" name="testCases.PutPatchAndDeleteExamples" time="3.492" errors="0" timestamp="2024-08-06T14:36:00 PDT" skipped="0">
  <testcase classname="testCases.PutPatchAndDeleteExamples" name="test_Put" time="3.492"/>
  <system-out/>
</testsuite> <!-- testCases.PutPatchAndDeleteExamples -->
