<?xml version="1.0" encoding="UTF-8"?>
<!-- Generated by org.testng.reporters.JUnitReportReporter -->
<testsuite hostname="LAPTOP-NTBPMJL5" failures="0" tests="5" name="miniProject.TC_VideoGameAPI" time="5.925" errors="0" timestamp="2024-08-07T19:50:48 PDT" skipped="0">
  <testcase classname="miniProject.TC_VideoGameAPI" name="test_getAllVideoGames" time="1.668"/>
  <system-out/>
  <testcase classname="miniProject.TC_VideoGameAPI" name="test_addNewVideoGame" time="0.564"/>
  <system-out/>
  <testcase classname="miniProject.TC_VideoGameAPI" name="test_getVideoGame" time="0.592"/>
  <system-out/>
  <testcase classname="miniProject.TC_VideoGameAPI" name="test_updateVideoGame" time="0.066"/>
  <system-out/>
  <testcase classname="miniProject.TC_VideoGameAPI" name="test_deleteVideoGame" time="3.035"/>
  <system-out/>
</testsuite> <!-- miniProject.TC_VideoGameAPI -->
